{"/Users/ewelinazawol/getting-started-with-jest/filterByTerm.js": {"path":"/Users/ewelinazawol/getting-started-with-jest/filterByTerm.js","statementMap":{"0":{"start":{"line":1,"column":21},"end":{"line":8,"column":1}},"1":{"start":{"line":2,"column":2},"end":{"line":2,"column":61}},"2":{"start":{"line":2,"column":19},"end":{"line":2,"column":61}},"3":{"start":{"line":3,"column":2},"end":{"line":3,"column":64}},"4":{"start":{"line":3,"column":24},"end":{"line":3,"column":64}},"5":{"start":{"line":4,"column":16},"end":{"line":4,"column":43}},"6":{"start":{"line":5,"column":2},"end":{"line":7,"column":5}},"7":{"start":{"line":6,"column":4},"end":{"line":6,"column":41}},"8":{"start":{"line":10,"column":0},"end":{"line":10,"column":30}}},"fnMap":{"0":{"name":"(anonymous_0)","decl":{"start":{"line":1,"column":21},"end":{"line":1,"column":22}},"loc":{"start":{"line":1,"column":47},"end":{"line":8,"column":1}},"line":1},"1":{"name":"(anonymous_1)","decl":{"start":{"line":5,"column":25},"end":{"line":5,"column":26}},"loc":{"start":{"line":5,"column":48},"end":{"line":7,"column":3}},"line":5}},"branchMap":{"0":{"loc":{"start":{"line":2,"column":2},"end":{"line":2,"column":61}},"type":"if","locations":[{"start":{"line":2,"column":2},"end":{"line":2,"column":61}},{"start":{},"end":{}}],"line":2},"1":{"loc":{"start":{"line":3,"column":2},"end":{"line":3,"column":64}},"type":"if","locations":[{"start":{"line":3,"column":2},"end":{"line":3,"column":64}},{"start":{},"end":{}}],"line":3}},"s":{"0":1,"1":3,"2":0,"3":3,"4":1,"5":2,"6":2,"7":6,"8":1},"f":{"0":3,"1":6},"b":{"0":[0,3],"1":[1,2]},"_coverageSchema":"1a1c01bbd47fc00a2c39e90264f33305004495a9","hash":"21d65b147568e412c87b522568970a5fb1057312"}
}
